<?xml version="1.0" encoding="UTF-8"?>
<testsuite name="org.example.AppTest" tests="1" skipped="0" failures="0" errors="0" timestamp="2024-09-24T10:57:33" hostname="AHMED" time="0.027">
  <properties/>
  <testcase name="testSimpleJobExecution()" classname="org.example.AppTest" time="0.027"/>
  <system-out><![CDATA[]]></system-out>
  <system-err><![CDATA[]]></system-err>
</testsuite>
